Ansys Lumerical 2020 R2 FDTD Solver Version 8.24.2387 (Windows 64bit)
 expires (month/day/year): 12/31/2035
using config file: Ansys Licensing set with ANSYSLMD_LICENSE_FILE
license host: 
current time: Mon Nov  7 16:11:48 2022
Running on host: DESKTOP-08OE850
host available memory (GB): 8.573432
All processes are communicating and ready to proceed to simulation...
Running fsp file: C:\Program Files\Lumerical\v202\bin\fdtd-engine-msmpi.exe -t 1 -remote C:/Users/lucas/Desktop/TEEE Fotonica/Hybrid/simulation/FDTD_Y_Branch.fsp
Starting meshing
Simulation size in gridpoints: 1 x 231 x 128
Refined 0 mesh cells (0%)
Completed meshing!
Meshing complete in 0 seconds of CPU time
Starting meshing
Simulation size in gridpoints: 1 x 231 x 128
Refined 0 mesh cells (0%)
Completed meshing!
Meshing complete in 0.015625 seconds of CPU time
Starting meshing
Simulation size in gridpoints: 1 x 231 x 128
Refined 0 mesh cells (0%)
Completed meshing!
Meshing complete in 0 seconds of CPU time
Starting meshing
Simulation size in gridpoints: 1 x 231 x 128
Refined 0 mesh cells (0%)
Completed meshing!
Meshing complete in 0 seconds of CPU time
Starting meshing
Simulation size in gridpoints: 1 x 231 x 128
Refined 0 mesh cells (0%)
Completed meshing!
Meshing complete in 0.015625 seconds of CPU time
Starting meshing
Simulation size in gridpoints: 1 x 231 x 128
Refined 0 mesh cells (0%)
Completed meshing!
Meshing complete in 0 seconds of CPU time
left is a duplicate key.
bottom is a duplicate key.
z1 is a duplicate key.
z2 is a duplicate key.
Nx is a duplicate key.
Ny is a duplicate key.
Nz is a duplicate key.
Starting meshing
Simulation size in gridpoints: 1 x 56 x 128
Refined 0 mesh cells (0%)
Completed meshing!
Meshing complete in 0 seconds of CPU time
Starting meshing
Simulation size in gridpoints: 1 x 56 x 128
Refined 0 mesh cells (0%)
Completed meshing!
Meshing complete in 0.015625 seconds of CPU time
Starting meshing
Simulation size in gridpoints: 1 x 56 x 128
Refined 0 mesh cells (0%)
Completed meshing!
Meshing complete in 0 seconds of CPU time
left is a duplicate key.
bottom is a duplicate key.
z1 is a duplicate key.
z2 is a duplicate key.
Nx is a duplicate key.
Ny is a duplicate key.
Nz is a duplicate key.
Starting meshing
Simulation size in gridpoints: 1 x 57 x 128
Refined 0 mesh cells (0%)
Completed meshing!
Meshing complete in 0 seconds of CPU time
Starting meshing
Simulation size in gridpoints: 1 x 57 x 128
Refined 0 mesh cells (0%)
Completed meshing!
Meshing complete in 0 seconds of CPU time
Starting meshing
Simulation size in gridpoints: 1 x 57 x 128
Refined 0 mesh cells (0%)
Completed meshing!
Meshing complete in 0.015625 seconds of CPU time
left is a duplicate key.
bottom is a duplicate key.
z1 is a duplicate key.
z2 is a duplicate key.
Nx is a duplicate key.
Ny is a duplicate key.
Nz is a duplicate key.
number of processors is 16
processors are distributed as: 2x4x2
Running 3D Simulation
Starting meshing
Simulation size in gridpoints: 126 x 78 x 72
Refined 0 mesh cells (0%)
Completed meshing!
Meshing complete in 0.15625 seconds of CPU time
0 0
Starting meshing
Simulation size in gridpoints: 126 x 78 x 72
Refined 0 mesh cells (0%)
Completed meshing!
Meshing complete in 0.15625 seconds of CPU time
0 0
Starting meshing
Simulation size in gridpoints: 126 x 78 x 72
Refined 0 mesh cells (0%)
Completed meshing!
Meshing complete in 0.171875 seconds of CPU time
0 0
finished material properties
Meshing Time: 0.565817 seconds, Init Electrical Material Time: 0.111977 seconds, Init Magnetic Material Time: 0.004628
Using selected optimization level: 2
Selecting 3d kernel for splitFieldDirection=0 and optLevel=2
-----------------------------------------
Beginning initialization of 3D Simulation
Starting to add sources to simulation
Adding 3D Mode source propagating in X
Using frequency dependent profile
Starting to add boundary conditions to simulation
Adding 3D PML BC
Adding 3D Parallel BC
Adding 3D PML BC
Adding 3D Parallel BC
Adding 3D PML BC
Adding 3D Parallel BC
Starting to add monitors to Simulation
Adding analysis monitor
Adding 3D DFT monitor
Adding 3D DFT monitor
Adding 3D DFT monitor
Adding 3D DFT monitor
Finished initialization of 3D Simulation
-----------------------------------------
All processes are communicating and ready to proceed to simulation...
Starting 41118 total iterations
0.0778248% complete. Max time remaining: 50 mins, 21 secs. Auto Shutoff: 1
1.08955% complete. Max time remaining: 47 mins, 38 secs. Auto Shutoff: 1
2.10127% complete. Max time remaining: 47 mins, 39 secs. Auto Shutoff: 1
3.11299% complete. Max time remaining: 47 mins, 29 secs. Auto Shutoff: 1
4.12471% complete. Max time remaining: 47 mins, 12 secs. Auto Shutoff: 1
5.13644% complete. Max time remaining: 46 mins, 48 secs. Auto Shutoff: 1
6.14816% complete. Max time remaining: 46 mins, 10 secs. Auto Shutoff: 1
7.15988% complete. Max time remaining: 45 mins, 29 secs. Auto Shutoff: 0.401551
8.1716% complete. Max time remaining: 44 mins, 56 secs. Auto Shutoff: 0.0503851
9.18332% complete. Max time remaining: 44 mins, 25 secs. Auto Shutoff: 0.0275809
10.234% complete. Max time remaining: 43 mins, 51 secs. Auto Shutoff: 0.011056
11.2846% complete. Max time remaining: 42 mins, 59 secs. Auto Shutoff: 0.00251208
12.2963% complete. Max time remaining: 42 mins, 17 secs. Auto Shutoff: 0.000991875
13.308% complete. Max time remaining: 41 mins, 40 secs. Auto Shutoff: 0.000384088
14.3198% complete. Max time remaining: 41 mins, 12 secs. Auto Shutoff: 0.000165182
15.3315% complete. Max time remaining: 40 mins, 48 secs. Auto Shutoff: 8.76481e-05
16.3432% complete. Max time remaining: 40 mins, 13 secs. Auto Shutoff: 2.80811e-05
17.3549% complete. Max time remaining: 39 mins, 38 secs. Auto Shutoff: 1.10949e-05
100% complete. Max time remaining: 0 mins, 0 secs. Auto Shutoff: 9.46078e-06
Early termination of simulation, the autoshutoff criteria are satisfied.
Completed 7207 iterations, or 1.752760e-13s of Simulation Time
Process 0 starting to collect data
    collecting monitor data
    collecting source data
Using frequency dependent profile
Finished collecting data
left is a duplicate key.
bottom is a duplicate key.
z1 is a duplicate key.
z2 is a duplicate key.
Nx is a duplicate key.
Ny is a duplicate key.
Nz is a duplicate key.
left is a duplicate key.
bottom is a duplicate key.
z1 is a duplicate key.
z2 is a duplicate key.
Nx is a duplicate key.
Ny is a duplicate key.
Nz is a duplicate key.
left is a duplicate key.
bottom is a duplicate key.
z1 is a duplicate key.
z2 is a duplicate key.
Nx is a duplicate key.
Ny is a duplicate key.
Nz is a duplicate key.
Simulation completed successfully at: Mon Nov  7 16:22:54 2022
Overall wall time measurements in seconds: 667.325
    time to mesh and initialize: 3.38736
    time to run FDTD simulation: 504.295
    time to checkpoint simulation: 7e-07
    time to finalize data and save to files: 134.249
    miscellaneous time: 25.3934
    FDTD solver speed on process 0: 10.1127 Mnodes/s
    total FDTD solver speed on 16 processes: 161.803 Mnodes/s
