Ansys Lumerical 2020 R2 FDTD Solver Version 8.24.2387 (Windows 64bit)
 expires (month/day/year): 12/31/2035
using config file: Ansys Licensing set with ANSYSLMD_LICENSE_FILE
license host: 
current time: Mon Nov  7 15:25:39 2022
Running on host: DESKTOP-08OE850
host available memory (GB): 5.870186
All processes are communicating and ready to proceed to simulation...
Running fsp file: C:\Program Files\Lumerical\v202\bin\fdtd-engine-msmpi.exe -t 1 -remote C:/Users/lucas/Desktop/TEEE Fotonica/Hybrid/simulation/FDTD_MMI_2X2.fsp
Starting meshing
Simulation size in gridpoints: 1 x 69 x 56
Refined 0 mesh cells (0%)
Completed meshing!
Meshing complete in 0 seconds of CPU time
Starting meshing
Simulation size in gridpoints: 1 x 69 x 56
Refined 0 mesh cells (0%)
Completed meshing!
Meshing complete in 0.015625 seconds of CPU time
Starting meshing
Simulation size in gridpoints: 1 x 69 x 56
Refined 0 mesh cells (0%)
Completed meshing!
Meshing complete in 0 seconds of CPU time
Starting meshing
Simulation size in gridpoints: 1 x 69 x 56
Refined 0 mesh cells (0%)
Completed meshing!
Meshing complete in 0 seconds of CPU time
Starting meshing
Simulation size in gridpoints: 1 x 69 x 56
Refined 0 mesh cells (0%)
Completed meshing!
Meshing complete in 0 seconds of CPU time
Starting meshing
Simulation size in gridpoints: 1 x 69 x 56
Refined 0 mesh cells (0%)
Completed meshing!
Meshing complete in 0.015625 seconds of CPU time
left is a duplicate key.
bottom is a duplicate key.
z1 is a duplicate key.
z2 is a duplicate key.
Nx is a duplicate key.
Ny is a duplicate key.
Nz is a duplicate key.
Starting meshing
Simulation size in gridpoints: 1 x 69 x 56
Refined 0 mesh cells (0%)
Completed meshing!
Meshing complete in 0 seconds of CPU time
Starting meshing
Simulation size in gridpoints: 1 x 69 x 56
Refined 0 mesh cells (0%)
Completed meshing!
Meshing complete in 0 seconds of CPU time
Starting meshing
Simulation size in gridpoints: 1 x 69 x 56
Refined 0 mesh cells (0%)
Completed meshing!
Meshing complete in 0 seconds of CPU time
left is a duplicate key.
bottom is a duplicate key.
z1 is a duplicate key.
z2 is a duplicate key.
Nx is a duplicate key.
Ny is a duplicate key.
Nz is a duplicate key.
Starting meshing
Simulation size in gridpoints: 1 x 69 x 56
Refined 0 mesh cells (0%)
Completed meshing!
Meshing complete in 0.015625 seconds of CPU time
Starting meshing
Simulation size in gridpoints: 1 x 69 x 56
Refined 0 mesh cells (0%)
Completed meshing!
Meshing complete in 0 seconds of CPU time
Starting meshing
Simulation size in gridpoints: 1 x 69 x 56
Refined 0 mesh cells (0%)
Completed meshing!
Meshing complete in 0 seconds of CPU time
left is a duplicate key.
bottom is a duplicate key.
z1 is a duplicate key.
z2 is a duplicate key.
Nx is a duplicate key.
Ny is a duplicate key.
Nz is a duplicate key.
Starting meshing
Simulation size in gridpoints: 1 x 69 x 56
Refined 0 mesh cells (0%)
Completed meshing!
Meshing complete in 0 seconds of CPU time
Starting meshing
Simulation size in gridpoints: 1 x 69 x 56
Refined 0 mesh cells (0%)
Completed meshing!
Meshing complete in 0.015625 seconds of CPU time
Starting meshing
Simulation size in gridpoints: 1 x 69 x 56
Refined 0 mesh cells (0%)
Completed meshing!
Meshing complete in 0 seconds of CPU time
left is a duplicate key.
bottom is a duplicate key.
z1 is a duplicate key.
z2 is a duplicate key.
Nx is a duplicate key.
Ny is a duplicate key.
Nz is a duplicate key.
number of processors is 16
processors are distributed as: 8x2x1
Running 3D Simulation
Starting meshing
Simulation size in gridpoints: 104 x 144 x 63
Refined 0 mesh cells (0%)
Completed meshing!
Meshing complete in 0.671875 seconds of CPU time
53664 53664
Starting meshing
Simulation size in gridpoints: 104 x 144 x 63
Refined 0 mesh cells (0%)
Completed meshing!
Meshing complete in 0.546875 seconds of CPU time
53968 53968
Starting meshing
Simulation size in gridpoints: 104 x 144 x 63
Refined 0 mesh cells (0%)
Completed meshing!
Meshing complete in 0.578125 seconds of CPU time
33136 33136
finished material properties
Meshing Time: 1.51163 seconds, Init Electrical Material Time: 0.264868 seconds, Init Magnetic Material Time: 0.0074262
Using selected optimization level: 2
Selecting 3d kernel for splitFieldDirection=0 and optLevel=2
-----------------------------------------
Beginning initialization of 3D Simulation
Starting to add sources to simulation
Adding 3D Mode source propagating in X
Using frequency dependent profile
Starting to add boundary conditions to simulation
Adding 3D PML BC
Adding 3D Parallel BC
Adding 3D PML BC
Adding 3D Parallel BC
Adding 3D Symmetric BC
Adding 3D PML BC
Starting to add monitors to Simulation
Adding analysis monitor
Adding 3D DFT monitor
Adding 3D DFT monitor
Adding 3D DFT monitor
Adding 3D DFT monitor
Adding 3D DFT monitor
Finished initialization of 3D Simulation
-----------------------------------------
All processes are communicating and ready to proceed to simulation...
Starting 41056 total iterations
0.0779422% complete. Max time remaining: 1 hr, 23 mins, 33 secs. Auto Shutoff: 1
1.09119% complete. Max time remaining: 1 hr, 20 mins, 59 secs. Auto Shutoff: 1
2.10444% complete. Max time remaining: 1 hr, 23 mins, 17 secs. Auto Shutoff: 1
3.13717% complete. Max time remaining: 1 hr, 22 mins, 59 secs. Auto Shutoff: 1
4.15042% complete. Max time remaining: 1 hr, 23 mins, 24 secs. Auto Shutoff: 1
5.16367% complete. Max time remaining: 1 hr, 23 mins, 35 secs. Auto Shutoff: 1
6.17692% complete. Max time remaining: 1 hr, 23 mins, 19 secs. Auto Shutoff: 1
7.19016% complete. Max time remaining: 1 hr, 22 mins, 60 secs. Auto Shutoff: 0.986393
8.20341% complete. Max time remaining: 1 hr, 22 mins, 31 secs. Auto Shutoff: 0.989344
9.21666% complete. Max time remaining: 1 hr, 21 mins, 54 secs. Auto Shutoff: 0.976849
10.2299% complete. Max time remaining: 1 hr, 21 mins, 10 secs. Auto Shutoff: 0.980861
11.2432% complete. Max time remaining: 1 hr, 20 mins, 24 secs. Auto Shutoff: 0.984476
12.2564% complete. Max time remaining: 1 hr, 19 mins, 44 secs. Auto Shutoff: 0.98375
13.2697% complete. Max time remaining: 1 hr, 18 mins, 57 secs. Auto Shutoff: 0.987772
14.2829% complete. Max time remaining: 1 hr, 17 mins, 31 secs. Auto Shutoff: 0.974737
15.3156% complete. Max time remaining: 1 hr, 16 mins, 9 secs. Auto Shutoff: 1.00764
16.3484% complete. Max time remaining: 1 hr, 14 mins, 48 secs. Auto Shutoff: 0.887338
17.3811% complete. Max time remaining: 1 hr, 13 mins, 31 secs. Auto Shutoff: 0.379091
18.4138% complete. Max time remaining: 1 hr, 12 mins, 15 secs. Auto Shutoff: 0.100885
19.4271% complete. Max time remaining: 1 hr, 11 mins, 5 secs. Auto Shutoff: 0.0374456
20.4403% complete. Max time remaining: 1 hr, 9 mins, 55 secs. Auto Shutoff: 0.0205681
21.4731% complete. Max time remaining: 1 hr, 8 mins, 48 secs. Auto Shutoff: 0.015646
22.4863% complete. Max time remaining: 1 hr, 7 mins, 42 secs. Auto Shutoff: 0.0120878
23.4996% complete. Max time remaining: 1 hr, 6 mins, 37 secs. Auto Shutoff: 0.0116349
24.5323% complete. Max time remaining: 1 hr, 5 mins, 33 secs. Auto Shutoff: 0.0120299
25.5455% complete. Max time remaining: 1 hr, 4 mins, 31 secs. Auto Shutoff: 0.0116556
26.5588% complete. Max time remaining: 1 hr, 3 mins, 30 secs. Auto Shutoff: 0.0118628
27.572% complete. Max time remaining: 1 hr, 2 mins, 29 secs. Auto Shutoff: 0.00856579
28.5853% complete. Max time remaining: 1 hr, 1 min, 29 secs. Auto Shutoff: 0.00622758
29.618% complete. Max time remaining: 1 hr, 29 secs. Auto Shutoff: 0.00407503
30.6313% complete. Max time remaining: 59 mins, 30 secs. Auto Shutoff: 0.00238955
31.6445% complete. Max time remaining: 58 mins, 33 secs. Auto Shutoff: 0.000849166
32.6578% complete. Max time remaining: 57 mins, 36 secs. Auto Shutoff: 0.000451297
33.671% complete. Max time remaining: 56 mins, 39 secs. Auto Shutoff: 0.000310032
34.7037% complete. Max time remaining: 55 mins, 41 secs. Auto Shutoff: 0.000287748
35.717% complete. Max time remaining: 54 mins, 45 secs. Auto Shutoff: 0.000279643
36.7497% complete. Max time remaining: 53 mins, 49 secs. Auto Shutoff: 0.000263986
37.763% complete. Max time remaining: 52 mins, 54 secs. Auto Shutoff: 0.000236007
38.7762% complete. Max time remaining: 51 mins, 59 secs. Auto Shutoff: 0.000184979
39.809% complete. Max time remaining: 51 mins, 3 secs. Auto Shutoff: 0.000144302
40.8417% complete. Max time remaining: 50 mins, 8 secs. Auto Shutoff: 0.000102565
41.8744% complete. Max time remaining: 49 mins, 14 secs. Auto Shutoff: 7.2945e-05
42.8877% complete. Max time remaining: 48 mins, 20 secs. Auto Shutoff: 4.21385e-05
43.9009% complete. Max time remaining: 47 mins, 27 secs. Auto Shutoff: 2.37046e-05
44.9142% complete. Max time remaining: 46 mins, 33 secs. Auto Shutoff: 1.63214e-05
45.9274% complete. Max time remaining: 45 mins, 43 secs. Auto Shutoff: 1.26853e-05
46.9407% complete. Max time remaining: 44 mins, 52 secs. Auto Shutoff: 1.04922e-05
47.9539% complete. Max time remaining: 43 mins, 59 secs. Auto Shutoff: 1.04165e-05
100% complete. Max time remaining: 0 mins, 0 secs. Auto Shutoff: 9.64603e-06
Early termination of simulation, the autoshutoff criteria are satisfied.
Completed 19929 iterations, or 4.854091e-13s of Simulation Time
Process 0 starting to collect data
    collecting monitor data
    collecting source data
Using frequency dependent profile
Finished collecting data
left is a duplicate key.
bottom is a duplicate key.
z1 is a duplicate key.
z2 is a duplicate key.
Nx is a duplicate key.
Ny is a duplicate key.
Nz is a duplicate key.
left is a duplicate key.
bottom is a duplicate key.
z1 is a duplicate key.
z2 is a duplicate key.
Nx is a duplicate key.
Ny is a duplicate key.
Nz is a duplicate key.
left is a duplicate key.
bottom is a duplicate key.
z1 is a duplicate key.
z2 is a duplicate key.
Nx is a duplicate key.
Ny is a duplicate key.
Nz is a duplicate key.
left is a duplicate key.
bottom is a duplicate key.
z1 is a duplicate key.
z2 is a duplicate key.
Nx is a duplicate key.
Ny is a duplicate key.
Nz is a duplicate key.
Simulation completed successfully at: Mon Nov  7 16:07:18 2022
Overall wall time measurements in seconds: 2500.32
    time to mesh and initialize: 3.19088
    time to run FDTD simulation: 2459.21
    time to checkpoint simulation: 3e-07
    time to finalize data and save to files: 33.0526
    miscellaneous time: 4.86657
    FDTD solver speed on process 0: 7.64586 Mnodes/s
    total FDTD solver speed on 16 processes: 122.334 Mnodes/s
